<?xml version="1.0" encoding="UTF-8"?>
<!-- Generated by org.testng.reporters.JUnitReportReporter -->
<testsuite hostname="LAPTOP-IUU7FKRC" failures="0" tests="4" name="TestCase.TestCase" time="10.783" errors="0" timestamp="12 Sep 2022 08:04:45 GMT" skipped="0">
  <testcase classname="TestCase.TestCase" name="searchHotel" time="1.335"/>
  <testcase classname="TestCase.TestCase" name="selectHotel" time="0.928"/>
  <testcase classname="TestCase.TestCase" name="bookAHotel" time="1.483"/>
  <testcase classname="TestCase.TestCase" name="printOrderNo" time="7.037"/>
</testsuite> <!-- TestCase.TestCase -->
